2026-06-10 18:25:29,836 [INFO] Loaded 2 schools from data/schools_input.csv
2026-06-10 18:25:29,836 [INFO] Enriching: The Brearley School
2026-06-10 18:25:31,698 [INFO] Wikipedia: found page for The Brearley School
2026-06-10 18:25:36,209 [INFO] Official site: scraped https://brearley.org/about
2026-06-10 18:25:36,214 [INFO] Done: The Brearley School — founded=1884; 142 years ago(1884), students=772 (2024–2025), about=157 chars
2026-06-10 18:25:36,214 [INFO] Enriching: Trinity School
2026-06-10 18:25:37,043 [INFO] Wikipedia: found page for Trinity School
2026-06-10 18:25:38,809 [WARNING] Connection error for https://trinityschoolnyc.org/about, attempt 1/3: HTTPSConnectionPool(host='trinityschoolnyc.org', port=443): Max retries exceeded with url: /about (Caused by SSLError(SSLCertVerificationError(1, "[SSL: CERTIFICATE_VERIFY_FAILED] certificate verify failed: Hostname mismatch, certificate is not valid for 'trinityschoolnyc.org'. (_ssl.c:1032)")))
2026-06-10 18:25:41,480 [WARNING] Connection error for https://trinityschoolnyc.org/about, attempt 2/3: HTTPSConnectionPool(host='trinityschoolnyc.org', port=443): Max retries exceeded with url: /about (Caused by SSLError(SSLCertVerificationError(1, "[SSL: CERTIFICATE_VERIFY_FAILED] certificate verify failed: Hostname mismatch, certificate is not valid for 'trinityschoolnyc.org'. (_ssl.c:1032)")))
2026-06-10 18:25:46,161 [WARNING] Connection error for https://trinityschoolnyc.org/about, attempt 3/3: HTTPSConnectionPool(host='trinityschoolnyc.org', port=443): Max retries exceeded with url: /about (Caused by SSLError(SSLCertVerificationError(1, "[SSL: CERTIFICATE_VERIFY_FAILED] certificate verify failed: Hostname mismatch, certificate is not valid for 'trinityschoolnyc.org'. (_ssl.c:1032)")))
2026-06-10 18:25:46,896 [WARNING] Connection error for https://trinityschoolnyc.org/about-us, attempt 1/3: HTTPSConnectionPool(host='trinityschoolnyc.org', port=443): Max retries exceeded with url: /about-us (Caused by SSLError(SSLCertVerificationError(1, "[SSL: CERTIFICATE_VERIFY_FAILED] certificate verify failed: Hostname mismatch, certificate is not valid for 'trinityschoolnyc.org'. (_ssl.c:1032)")))
2026-06-10 18:25:49,892 [WARNING] Connection error for https://trinityschoolnyc.org/about-us, attempt 2/3: HTTPSConnectionPool(host='trinityschoolnyc.org', port=443): Max retries exceeded with url: /about-us (Caused by SSLError(SSLCertVerificationError(1, "[SSL: CERTIFICATE_VERIFY_FAILED] certificate verify failed: Hostname mismatch, certificate is not valid for 'trinityschoolnyc.org'. (_ssl.c:1032)")))
2026-06-10 18:25:54,583 [WARNING] Connection error for https://trinityschoolnyc.org/about-us, attempt 3/3: HTTPSConnectionPool(host='trinityschoolnyc.org', port=443): Max retries exceeded with url: /about-us (Caused by SSLError(SSLCertVerificationError(1, "[SSL: CERTIFICATE_VERIFY_FAILED] certificate verify failed: Hostname mismatch, certificate is not valid for 'trinityschoolnyc.org'. (_ssl.c:1032)")))
2026-06-10 18:25:55,246 [WARNING] Connection error for https://trinityschoolnyc.org/history, attempt 1/3: HTTPSConnectionPool(host='trinityschoolnyc.org', port=443): Max retries exceeded with url: /history (Caused by SSLError(SSLCertVerificationError(1, "[SSL: CERTIFICATE_VERIFY_FAILED] certificate verify failed: Hostname mismatch, certificate is not valid for 'trinityschoolnyc.org'. (_ssl.c:1032)")))
2026-06-10 18:25:57,909 [WARNING] Connection error for https://trinityschoolnyc.org/history, attempt 2/3: HTTPSConnectionPool(host='trinityschoolnyc.org', port=443): Max retries exceeded with url: /history (Caused by SSLError(SSLCertVerificationError(1, "[SSL: CERTIFICATE_VERIFY_FAILED] certificate verify failed: Hostname mismatch, certificate is not valid for 'trinityschoolnyc.org'. (_ssl.c:1032)")))
2026-06-10 18:26:02,914 [WARNING] Connection error for https://trinityschoolnyc.org/history, attempt 3/3: HTTPSConnectionPool(host='trinityschoolnyc.org', port=443): Max retries exceeded with url: /history (Caused by SSLError(SSLCertVerificationError(1, "[SSL: CERTIFICATE_VERIFY_FAILED] certificate verify failed: Hostname mismatch, certificate is not valid for 'trinityschoolnyc.org'. (_ssl.c:1032)")))
2026-06-10 18:26:03,889 [WARNING] Connection error for https://trinityschoolnyc.org/, attempt 1/3: HTTPSConnectionPool(host='trinityschoolnyc.org', port=443): Max retries exceeded with url: / (Caused by SSLError(SSLCertVerificationError(1, "[SSL: CERTIFICATE_VERIFY_FAILED] certificate verify failed: Hostname mismatch, certificate is not valid for 'trinityschoolnyc.org'. (_ssl.c:1032)")))
2026-06-10 18:26:06,791 [WARNING] Connection error for https://trinityschoolnyc.org/, attempt 2/3: HTTPSConnectionPool(host='trinityschoolnyc.org', port=443): Max retries exceeded with url: / (Caused by SSLError(SSLCertVerificationError(1, "[SSL: CERTIFICATE_VERIFY_FAILED] certificate verify failed: Hostname mismatch, certificate is not valid for 'trinityschoolnyc.org'. (_ssl.c:1032)")))
2026-06-10 18:26:11,664 [WARNING] Connection error for https://trinityschoolnyc.org/, attempt 3/3: HTTPSConnectionPool(host='trinityschoolnyc.org', port=443): Max retries exceeded with url: / (Caused by SSLError(SSLCertVerificationError(1, "[SSL: CERTIFICATE_VERIFY_FAILED] certificate verify failed: Hostname mismatch, certificate is not valid for 'trinityschoolnyc.org'. (_ssl.c:1032)")))
2026-06-10 18:26:11,666 [INFO] Done: Trinity School — founded=1709, students=, about=0 chars
2026-06-10 18:26:11,752 [INFO] Excel saved: output/schools_data.xlsx
2026-06-10 18:26:11,755 [INFO] CSV saved: output/schools_data.csv
